{
  "0 debug pnpm:scope": {
    "selected": 1
  },
  "1 debug pnpm:package-manifest": {
    "initial": {
      "name": "totality-editor",
      "version": "0.1.0",
      "private": true,
      "scripts": {
        "dev": "next dev",
        "build": "next build",
        "start": "next start",
        "lint": "next lint",
        "prebuild": "[[ $CI = true ]] && npx pnpm@3 install -r --store=node_modules/.pnpm-store || echo skipping pnpm install."
      },
      "dependencies": {
        "@babel/parser": "^7.15.7",
        "@babel/traverse": "^7.14.8",
        "@loadable/component": "^5.15.0",
        "@monaco-editor/react": "^4.2.1",
        "@stitches/core": "^1.2.0",
        "@stitches/react": "^1.2.0",
        "@stitches/tailwind": "^9.0.0-alpha.8",
        "@twind/preact": "^1.0.5",
        "@twind/react": "^0.0.4",
        "color2k": "^1.2.4",
        "cytoscape": "^3.19.1",
        "glslCanvas": "^0.1.7",
        "immer": "^9.0.6",
        "jailed": "^0.3.1",
        "jotai": "^1.3.5",
        "lodash": "^4.17.21",
        "monaco-editor": "^0.27.0",
        "monaco-editor-textmate": "^3.0.0",
        "monaco-jsx-highlighter": "^1.1.8",
        "monaco-textmate": "^3.0.1",
        "monaco-vim": "^0.1.18",
        "nanoid": "^3.1.25",
        "next": "^11.1.2",
        "next-plugin-preact": "^3.0.6",
        "onigasm": "^2.2.5",
        "preact": "^10.5.14",
        "preact-render-to-string": "^5.1.19",
        "quickjs-emscripten": "^0.13.0",
        "react": "npm:@preact/compat@^17.0.2",
        "react-content-loader": "^6.0.3",
        "react-cytoscapejs": "^1.2.1",
        "react-dom": "npm:@preact/compat@^17.0.2",
        "react-error-boundary": "^3.1.3",
        "react-monaco-editor": "^0.44.0",
        "react-split": "^2.0.13",
        "react-split-grid": "^1.0.3",
        "react-ssr-prepass": "npm:preact-ssr-prepass@^1.2.0",
        "realms-shim": "^1.2.2",
        "ses": "^0.14.2",
        "storeon": "^3.1.4",
        "ts-custom-error": "^3.2.0",
        "twin.macro": "^2.6.2",
        "twind": "^0.16.16",
        "type-fest": "^2.3.3",
        "valtio": "^1.2.3",
        "valtio-yjs": "^0.1.1",
        "y-indexeddb": "^9.0.6",
        "y-monaco": "^0.1.2",
        "y-webrtc": "^10.2.0",
        "y-websocket": "^1.3.16",
        "yjs": "^13.5.12"
      },
      "devDependencies": {
        "@prefresh/next": "^1.4.6",
        "@types/babel__traverse": "^7.14.2",
        "@types/loadable__component": "^5.13.4",
        "@types/lodash": "^4.14.173",
        "@types/node": "^16.9.2",
        "@types/react": "^17.0.21",
        "@types/react-cytoscapejs": "^1.2.2",
        "@types/tailwindcss": "^2.2.1",
        "babel-plugin-glsl": "^1.0.0",
        "babel-plugin-macros": "^3.1.0",
        "css-loader": "^6.3.0",
        "eslint": "7.32.0",
        "eslint-config-next": "11.1.2",
        "glslify": "^7.1.1",
        "monaco-editor-webpack-plugin": "^4.1.1",
        "next-transpile-modules": "^8.0.0",
        "pnpm": "3",
        "style-loader": "^3.2.1",
        "tailwindcss": "^2.2.15",
        "typescript": "^4.4.3"
      }
    },
    "prefix": "/Users/poom/Projects/totality-editor"
  },
  "2 debug pnpm:context": {
    "currentLockfileExists": true,
    "storeDir": "/Users/poom/.pnpm-store/v3",
    "virtualStoreDir": "/Users/poom/Projects/totality-editor/node_modules/.pnpm"
  },
  "3 debug pnpm:stage": {
    "prefix": "/Users/poom/Projects/totality-editor",
    "stage": "resolution_started"
  },
  "4 debug pnpm:_dependency_resolved": {
    "resolution": "registry.npmjs.org/@prefresh/next/1.4.7",
    "wanted": {
      "dependentId": ".",
      "name": "@prefresh/next",
      "rawSpec": "^1.4.6"
    }
  },
  "5 debug pnpm:_dependency_resolved": {
    "resolution": "registry.npmjs.org/@types/babel__traverse/7.14.2",
    "wanted": {
      "dependentId": ".",
      "name": "@types/babel__traverse",
      "rawSpec": "^7.14.2"
    }
  },
  "6 debug pnpm:_dependency_resolved": {
    "resolution": "registry.npmjs.org/@types/loadable__component/5.13.4",
    "wanted": {
      "dependentId": ".",
      "name": "@types/loadable__component",
      "rawSpec": "^5.13.4"
    }
  },
  "7 debug pnpm:_dependency_resolved": {
    "resolution": "registry.npmjs.org/@types/lodash/4.14.173",
    "wanted": {
      "dependentId": ".",
      "name": "@types/lodash",
      "rawSpec": "^4.14.173"
    }
  },
  "8 debug pnpm:_dependency_resolved": {
    "resolution": "registry.npmjs.org/@types/node/16.9.2",
    "wanted": {
      "dependentId": ".",
      "name": "@types/node",
      "rawSpec": "^16.9.2"
    }
  },
  "9 debug pnpm:_dependency_resolved": {
    "resolution": "registry.npmjs.org/@types/react-cytoscapejs/1.2.2",
    "wanted": {
      "dependentId": ".",
      "name": "@types/react-cytoscapejs",
      "rawSpec": "^1.2.2"
    }
  },
  "10 debug pnpm:_dependency_resolved": {
    "resolution": "registry.npmjs.org/@types/react/17.0.21",
    "wanted": {
      "dependentId": ".",
      "name": "@types/react",
      "rawSpec": "^17.0.21"
    }
  },
  "11 debug pnpm:_dependency_resolved": {
    "resolution": "registry.npmjs.org/babel-plugin-glsl/1.0.0",
    "wanted": {
      "dependentId": ".",
      "name": "babel-plugin-glsl",
      "rawSpec": "^1.0.0"
    }
  },
  "12 debug pnpm:_dependency_resolved": {
    "resolution": "registry.npmjs.org/babel-plugin-macros/3.1.0",
    "wanted": {
      "dependentId": ".",
      "name": "babel-plugin-macros",
      "rawSpec": "^3.1.0"
    }
  },
  "13 debug pnpm:_dependency_resolved": {
    "resolution": "registry.npmjs.org/css-loader/6.3.0",
    "wanted": {
      "dependentId": ".",
      "name": "css-loader",
      "rawSpec": "^6.3.0"
    }
  },
  "14 debug pnpm:_dependency_resolved": {
    "resolution": "registry.npmjs.org/eslint/7.32.0",
    "wanted": {
      "dependentId": ".",
      "name": "eslint",
      "rawSpec": "7.32.0"
    }
  },
  "15 debug pnpm:_dependency_resolved": {
    "resolution": "registry.npmjs.org/eslint-config-next/11.1.2",
    "wanted": {
      "dependentId": ".",
      "name": "eslint-config-next",
      "rawSpec": "11.1.2"
    }
  },
  "16 debug pnpm:_dependency_resolved": {
    "resolution": "registry.npmjs.org/glslify/7.1.1",
    "wanted": {
      "dependentId": ".",
      "name": "glslify",
      "rawSpec": "^7.1.1"
    }
  },
  "17 debug pnpm:_dependency_resolved": {
    "resolution": "registry.npmjs.org/@types/tailwindcss/2.2.1",
    "wanted": {
      "dependentId": ".",
      "name": "@types/tailwindcss",
      "rawSpec": "^2.2.1"
    }
  },
  "18 debug pnpm:_dependency_resolved": {
    "resolution": "registry.npmjs.org/monaco-editor-webpack-plugin/4.1.2",
    "wanted": {
      "dependentId": ".",
      "name": "monaco-editor-webpack-plugin",
      "rawSpec": "^4.1.1"
    }
  },
  "19 debug pnpm:_dependency_resolved": {
    "resolution": "registry.npmjs.org/next-transpile-modules/8.0.0",
    "wanted": {
      "dependentId": ".",
      "name": "next-transpile-modules",
      "rawSpec": "^8.0.0"
    }
  },
  "20 debug pnpm:_dependency_resolved": {
    "resolution": "registry.npmjs.org/tailwindcss/2.2.15",
    "wanted": {
      "dependentId": ".",
      "name": "tailwindcss",
      "rawSpec": "^2.2.15"
    }
  },
  "21 debug pnpm:_dependency_resolved": {
    "resolution": "registry.npmjs.org/pnpm/3.8.1",
    "wanted": {
      "dependentId": ".",
      "name": "pnpm",
      "rawSpec": "3"
    }
  },
  "22 debug pnpm:_dependency_resolved": {
    "resolution": "registry.npmjs.org/@babel/parser/7.15.7",
    "wanted": {
      "dependentId": ".",
      "name": "@babel/parser",
      "rawSpec": "^7.15.7"
    }
  },
  "23 debug pnpm:_dependency_resolved": {
    "resolution": "registry.npmjs.org/@babel/traverse/7.15.4",
    "wanted": {
      "dependentId": ".",
      "name": "@babel/traverse",
      "rawSpec": "^7.14.8"
    }
  },
  "24 debug pnpm:_dependency_resolved": {
    "resolution": "registry.npmjs.org/@loadable/component/5.15.0",
    "wanted": {
      "dependentId": ".",
      "name": "@loadable/component",
      "rawSpec": "^5.15.0"
    }
  },
  "25 debug pnpm:_dependency_resolved": {
    "resolution": "registry.npmjs.org/@monaco-editor/react/4.2.2",
    "wanted": {
      "dependentId": ".",
      "name": "@monaco-editor/react",
      "rawSpec": "^4.2.1"
    }
  },
  "26 debug pnpm:_dependency_resolved": {
    "resolution": "registry.npmjs.org/@stitches/core/1.2.0",
    "wanted": {
      "dependentId": ".",
      "name": "@stitches/core",
      "rawSpec": "^1.2.0"
    }
  },
  "27 debug pnpm:_dependency_resolved": {
    "resolution": "registry.npmjs.org/@stitches/react/1.2.0",
    "wanted": {
      "dependentId": ".",
      "name": "@stitches/react",
      "rawSpec": "^1.2.0"
    }
  },
  "28 debug pnpm:_dependency_resolved": {
    "resolution": "registry.npmjs.org/@stitches/tailwind/9.0.0-alpha.8",
    "wanted": {
      "dependentId": ".",
      "name": "@stitches/tailwind",
      "rawSpec": "^9.0.0-alpha.8"
    }
  },
  "29 debug pnpm:_dependency_resolved": {
    "resolution": "registry.npmjs.org/@twind/preact/1.0.5",
    "wanted": {
      "dependentId": ".",
      "name": "@twind/preact",
      "rawSpec": "^1.0.5"
    }
  },
  "30 debug pnpm:_dependency_resolved": {
    "resolution": "registry.npmjs.org/@twind/react/0.0.4",
    "wanted": {
      "dependentId": ".",
      "name": "@twind/react",
      "rawSpec": "^0.0.4"
    }
  },
  "31 debug pnpm:_dependency_resolved": {
    "resolution": "registry.npmjs.org/color2k/1.2.4",
    "wanted": {
      "dependentId": ".",
      "name": "color2k",
      "rawSpec": "^1.2.4"
    }
  },
  "32 debug pnpm:_dependency_resolved": {
    "resolution": "registry.npmjs.org/style-loader/3.2.1",
    "wanted": {
      "dependentId": ".",
      "name": "style-loader",
      "rawSpec": "^3.2.1"
    }
  },
  "33 debug pnpm:_dependency_resolved": {
    "resolution": "registry.npmjs.org/typescript/4.4.3",
    "wanted": {
      "dependentId": ".",
      "name": "typescript",
      "rawSpec": "^4.4.3"
    }
  },
  "34 debug pnpm:_dependency_resolved": {
    "resolution": "registry.npmjs.org/glslCanvas/0.1.7",
    "wanted": {
      "dependentId": ".",
      "name": "glslCanvas",
      "rawSpec": "^0.1.7"
    }
  },
  "35 debug pnpm:_dependency_resolved": {
    "resolution": "registry.npmjs.org/immer/9.0.6",
    "wanted": {
      "dependentId": ".",
      "name": "immer",
      "rawSpec": "^9.0.6"
    }
  },
  "36 debug pnpm:_dependency_resolved": {
    "resolution": "registry.npmjs.org/jailed/0.3.1",
    "wanted": {
      "dependentId": ".",
      "name": "jailed",
      "rawSpec": "^0.3.1"
    }
  },
  "37 debug pnpm:_dependency_resolved": {
    "resolution": "registry.npmjs.org/jotai/1.3.5",
    "wanted": {
      "dependentId": ".",
      "name": "jotai",
      "rawSpec": "^1.3.5"
    }
  },
  "38 debug pnpm:_dependency_resolved": {
    "resolution": "registry.npmjs.org/lodash/4.17.21",
    "wanted": {
      "dependentId": ".",
      "name": "lodash",
      "rawSpec": "^4.17.21"
    }
  },
  "39 debug pnpm:_dependency_resolved": {
    "resolution": "registry.npmjs.org/monaco-editor/0.27.0",
    "wanted": {
      "dependentId": ".",
      "name": "monaco-editor",
      "rawSpec": "^0.27.0"
    }
  },
  "40 debug pnpm:_dependency_resolved": {
    "resolution": "registry.npmjs.org/monaco-editor-textmate/3.0.0",
    "wanted": {
      "dependentId": ".",
      "name": "monaco-editor-textmate",
      "rawSpec": "^3.0.0"
    }
  },
  "41 debug pnpm:_dependency_resolved": {
    "resolution": "registry.npmjs.org/monaco-jsx-highlighter/1.1.8",
    "wanted": {
      "dependentId": ".",
      "name": "monaco-jsx-highlighter",
      "rawSpec": "^1.1.8"
    }
  },
  "42 debug pnpm:_dependency_resolved": {
    "resolution": "registry.npmjs.org/monaco-textmate/3.0.1",
    "wanted": {
      "dependentId": ".",
      "name": "monaco-textmate",
      "rawSpec": "^3.0.1"
    }
  },
  "43 debug pnpm:_dependency_resolved": {
    "resolution": "registry.npmjs.org/monaco-vim/0.1.18",
    "wanted": {
      "dependentId": ".",
      "name": "monaco-vim",
      "rawSpec": "^0.1.18"
    }
  },
  "44 debug pnpm:_dependency_resolved": {
    "resolution": "registry.npmjs.org/nanoid/3.1.25",
    "wanted": {
      "dependentId": ".",
      "name": "nanoid",
      "rawSpec": "^3.1.25"
    }
  },
  "45 debug pnpm:_dependency_resolved": {
    "resolution": "registry.npmjs.org/next/11.1.2",
    "wanted": {
      "dependentId": ".",
      "name": "next",
      "rawSpec": "^11.1.2"
    }
  },
  "46 debug pnpm:_dependency_resolved": {
    "resolution": "registry.npmjs.org/next-plugin-preact/3.0.6",
    "wanted": {
      "dependentId": ".",
      "name": "next-plugin-preact",
      "rawSpec": "^3.0.6"
    }
  },
  "47 debug pnpm:_dependency_resolved": {
    "resolution": "registry.npmjs.org/onigasm/2.2.5",
    "wanted": {
      "dependentId": ".",
      "name": "onigasm",
      "rawSpec": "^2.2.5"
    }
  },
  "48 debug pnpm:_dependency_resolved": {
    "resolution": "registry.npmjs.org/preact/10.5.14",
    "wanted": {
      "dependentId": ".",
      "name": "preact",
      "rawSpec": "^10.5.14"
    }
  },
  "49 debug pnpm:_dependency_resolved": {
    "resolution": "registry.npmjs.org/preact-render-to-string/5.1.19",
    "wanted": {
      "dependentId": ".",
      "name": "preact-render-to-string",
      "rawSpec": "^5.1.19"
    }
  },
  "50 debug pnpm:_dependency_resolved": {
    "resolution": "registry.npmjs.org/quickjs-emscripten/0.13.0",
    "wanted": {
      "dependentId": ".",
      "name": "quickjs-emscripten",
      "rawSpec": "^0.13.0"
    }
  },
  "51 debug pnpm:_dependency_resolved": {
    "resolution": "registry.npmjs.org/cytoscape/3.19.1",
    "wanted": {
      "dependentId": ".",
      "name": "cytoscape",
      "rawSpec": "^3.19.1"
    }
  },
  "52 debug pnpm:_dependency_resolved": {
    "resolution": "registry.npmjs.org/react-content-loader/6.0.3",
    "wanted": {
      "dependentId": ".",
      "name": "react-content-loader",
      "rawSpec": "^6.0.3"
    }
  },
  "53 debug pnpm:_dependency_resolved": {
    "resolution": "registry.npmjs.org/react-cytoscapejs/1.2.1",
    "wanted": {
      "dependentId": ".",
      "name": "react-cytoscapejs",
      "rawSpec": "^1.2.1"
    }
  },
  "54 debug pnpm:_dependency_resolved": {
    "resolution": "registry.npmjs.org/react-error-boundary/3.1.3",
    "wanted": {
      "dependentId": ".",
      "name": "react-error-boundary",
      "rawSpec": "^3.1.3"
    }
  },
  "55 debug pnpm:_dependency_resolved": {
    "resolution": "registry.npmjs.org/react-monaco-editor/0.44.0",
    "wanted": {
      "dependentId": ".",
      "name": "react-monaco-editor",
      "rawSpec": "^0.44.0"
    }
  },
  "56 debug pnpm:_dependency_resolved": {
    "resolution": "registry.npmjs.org/react-split/2.0.13",
    "wanted": {
      "dependentId": ".",
      "name": "react-split",
      "rawSpec": "^2.0.13"
    }
  },
  "57 debug pnpm:_dependency_resolved": {
    "resolution": "registry.npmjs.org/react-split-grid/1.0.3",
    "wanted": {
      "dependentId": ".",
      "name": "react-split-grid",
      "rawSpec": "^1.0.3"
    }
  },
  "58 debug pnpm:_dependency_resolved": {
    "resolution": "registry.npmjs.org/realms-shim/1.2.2",
    "wanted": {
      "dependentId": ".",
      "name": "realms-shim",
      "rawSpec": "^1.2.2"
    }
  },
  "59 debug pnpm:_dependency_resolved": {
    "resolution": "registry.npmjs.org/ses/0.14.2",
    "wanted": {
      "dependentId": ".",
      "name": "ses",
      "rawSpec": "^0.14.2"
    }
  },
  "60 debug pnpm:_dependency_resolved": {
    "resolution": "registry.npmjs.org/storeon/3.1.4",
    "wanted": {
      "dependentId": ".",
      "name": "storeon",
      "rawSpec": "^3.1.4"
    }
  },
  "61 debug pnpm:_dependency_resolved": {
    "resolution": "registry.npmjs.org/ts-custom-error/3.2.0",
    "wanted": {
      "dependentId": ".",
      "name": "ts-custom-error",
      "rawSpec": "^3.2.0"
    }
  },
  "62 debug pnpm:_dependency_resolved": {
    "resolution": "registry.npmjs.org/twin.macro/2.7.0",
    "wanted": {
      "dependentId": ".",
      "name": "twin.macro",
      "rawSpec": "^2.6.2"
    }
  },
  "63 debug pnpm:_dependency_resolved": {
    "resolution": "registry.npmjs.org/twind/0.16.16",
    "wanted": {
      "dependentId": ".",
      "name": "twind",
      "rawSpec": "^0.16.16"
    }
  },
  "64 debug pnpm:_dependency_resolved": {
    "resolution": "registry.npmjs.org/type-fest/2.3.3",
    "wanted": {
      "dependentId": ".",
      "name": "type-fest",
      "rawSpec": "^2.3.3"
    }
  },
  "65 debug pnpm:_dependency_resolved": {
    "resolution": "registry.npmjs.org/valtio/1.2.3",
    "wanted": {
      "dependentId": ".",
      "name": "valtio",
      "rawSpec": "^1.2.3"
    }
  },
  "66 debug pnpm:_dependency_resolved": {
    "resolution": "registry.npmjs.org/valtio-yjs/0.1.1",
    "wanted": {
      "dependentId": ".",
      "name": "valtio-yjs",
      "rawSpec": "^0.1.1"
    }
  },
  "67 debug pnpm:_dependency_resolved": {
    "resolution": "registry.npmjs.org/y-indexeddb/9.0.6",
    "wanted": {
      "dependentId": ".",
      "name": "y-indexeddb",
      "rawSpec": "^9.0.6"
    }
  },
  "68 debug pnpm:_dependency_resolved": {
    "resolution": "registry.npmjs.org/y-monaco/0.1.2",
    "wanted": {
      "dependentId": ".",
      "name": "y-monaco",
      "rawSpec": "^0.1.2"
    }
  },
  "69 debug pnpm:_dependency_resolved": {
    "resolution": "registry.npmjs.org/y-webrtc/10.2.0",
    "wanted": {
      "dependentId": ".",
      "name": "y-webrtc",
      "rawSpec": "^10.2.0"
    }
  },
  "70 debug pnpm:_dependency_resolved": {
    "resolution": "registry.npmjs.org/y-websocket/1.3.16",
    "wanted": {
      "dependentId": ".",
      "name": "y-websocket",
      "rawSpec": "^1.3.16"
    }
  },
  "71 debug pnpm:_dependency_resolved": {
    "resolution": "registry.npmjs.org/yjs/13.5.12",
    "wanted": {
      "dependentId": ".",
      "name": "yjs",
      "rawSpec": "^13.5.12"
    }
  },
  "72 debug pnpm:progress": {
    "packageId": "registry.npmjs.org/@types/babel__traverse/7.14.2",
    "requester": "/Users/poom/Projects/totality-editor",
    "status": "resolved"
  },
  "73 debug pnpm:progress": {
    "packageId": "registry.npmjs.org/@types/babel__traverse/7.14.2",
    "requester": "/Users/poom/Projects/totality-editor",
    "status": "found_in_store"
  },
  "74 debug pnpm:progress": {
    "packageId": "registry.npmjs.org/@prefresh/next/1.4.7",
    "requester": "/Users/poom/Projects/totality-editor",
    "status": "resolved"
  },
  "75 debug pnpm:progress": {
    "packageId": "registry.npmjs.org/@prefresh/next/1.4.7",
    "requester": "/Users/poom/Projects/totality-editor",
    "status": "found_in_store"
  },
  "76 debug pnpm:progress": {
    "packageId": "registry.npmjs.org/@types/loadable__component/5.13.4",
    "requester": "/Users/poom/Projects/totality-editor",
    "status": "resolved"
  },
  "77 debug pnpm:progress": {
    "packageId": "registry.npmjs.org/@types/loadable__component/5.13.4",
    "requester": "/Users/poom/Projects/totality-editor",
    "status": "found_in_store"
  },
  "78 debug pnpm:progress": {
    "packageId": "registry.npmjs.org/@types/node/16.9.2",
    "requester": "/Users/poom/Projects/totality-editor",
    "status": "resolved"
  },
  "79 debug pnpm:progress": {
    "packageId": "registry.npmjs.org/@types/node/16.9.2",
    "requester": "/Users/poom/Projects/totality-editor",
    "status": "found_in_store"
  },
  "80 debug pnpm:progress": {
    "packageId": "registry.npmjs.org/@types/lodash/4.14.173",
    "requester": "/Users/poom/Projects/totality-editor",
    "status": "resolved"
  },
  "81 debug pnpm:progress": {
    "packageId": "registry.npmjs.org/@types/lodash/4.14.173",
    "requester": "/Users/poom/Projects/totality-editor",
    "status": "found_in_store"
  },
  "82 debug pnpm:progress": {
    "packageId": "registry.npmjs.org/@types/react-cytoscapejs/1.2.2",
    "requester": "/Users/poom/Projects/totality-editor",
    "status": "resolved"
  },
  "83 debug pnpm:progress": {
    "packageId": "registry.npmjs.org/@types/react-cytoscapejs/1.2.2",
    "requester": "/Users/poom/Projects/totality-editor",
    "status": "found_in_store"
  },
  "84 debug pnpm:progress": {
    "packageId": "registry.npmjs.org/@types/react/17.0.21",
    "requester": "/Users/poom/Projects/totality-editor",
    "status": "resolved"
  },
  "85 debug pnpm:progress": {
    "packageId": "registry.npmjs.org/@types/react/17.0.21",
    "requester": "/Users/poom/Projects/totality-editor",
    "status": "found_in_store"
  },
  "86 debug pnpm:progress": {
    "packageId": "registry.npmjs.org/babel-plugin-glsl/1.0.0",
    "requester": "/Users/poom/Projects/totality-editor",
    "status": "resolved"
  },
  "87 debug pnpm:progress": {
    "packageId": "registry.npmjs.org/babel-plugin-glsl/1.0.0",
    "requester": "/Users/poom/Projects/totality-editor",
    "status": "found_in_store"
  },
  "88 debug pnpm:progress": {
    "packageId": "registry.npmjs.org/babel-plugin-macros/3.1.0",
    "requester": "/Users/poom/Projects/totality-editor",
    "status": "resolved"
  },
  "89 debug pnpm:progress": {
    "packageId": "registry.npmjs.org/babel-plugin-macros/3.1.0",
    "requester": "/Users/poom/Projects/totality-editor",
    "status": "found_in_store"
  },
  "90 debug pnpm:progress": {
    "packageId": "registry.npmjs.org/css-loader/6.3.0",
    "requester": "/Users/poom/Projects/totality-editor",
    "status": "resolved"
  },
  "91 debug pnpm:progress": {
    "packageId": "registry.npmjs.org/css-loader/6.3.0",
    "requester": "/Users/poom/Projects/totality-editor",
    "status": "found_in_store"
  },
  "92 debug pnpm:progress": {
    "packageId": "registry.npmjs.org/eslint-config-next/11.1.2",
    "requester": "/Users/poom/Projects/totality-editor",
    "status": "resolved"
  },
  "93 debug pnpm:progress": {
    "packageId": "registry.npmjs.org/eslint-config-next/11.1.2",
    "requester": "/Users/poom/Projects/totality-editor",
    "status": "found_in_store"
  },
  "94 debug pnpm:progress": {
    "packageId": "registry.npmjs.org/glslify/7.1.1",
    "requester": "/Users/poom/Projects/totality-editor",
    "status": "resolved"
  },
  "95 debug pnpm:progress": {
    "packageId": "registry.npmjs.org/glslify/7.1.1",
    "requester": "/Users/poom/Projects/totality-editor",
    "status": "found_in_store"
  },
  "96 debug pnpm:progress": {
    "packageId": "registry.npmjs.org/monaco-editor-webpack-plugin/4.1.2",
    "requester": "/Users/poom/Projects/totality-editor",
    "status": "resolved"
  },
  "97 debug pnpm:progress": {
    "packageId": "registry.npmjs.org/monaco-editor-webpack-plugin/4.1.2",
    "requester": "/Users/poom/Projects/totality-editor",
    "status": "found_in_store"
  },
  "98 debug pnpm:progress": {
    "packageId": "registry.npmjs.org/@types/tailwindcss/2.2.1",
    "requester": "/Users/poom/Projects/totality-editor",
    "status": "resolved"
  },
  "99 debug pnpm:progress": {
    "packageId": "registry.npmjs.org/@types/tailwindcss/2.2.1",
    "requester": "/Users/poom/Projects/totality-editor",
    "status": "found_in_store"
  },
  "100 debug pnpm:progress": {
    "packageId": "registry.npmjs.org/next-transpile-modules/8.0.0",
    "requester": "/Users/poom/Projects/totality-editor",
    "status": "resolved"
  },
  "101 debug pnpm:progress": {
    "packageId": "registry.npmjs.org/next-transpile-modules/8.0.0",
    "requester": "/Users/poom/Projects/totality-editor",
    "status": "found_in_store"
  },
  "102 debug pnpm:progress": {
    "packageId": "registry.npmjs.org/tailwindcss/2.2.15",
    "requester": "/Users/poom/Projects/totality-editor",
    "status": "resolved"
  },
  "103 debug pnpm:progress": {
    "packageId": "registry.npmjs.org/tailwindcss/2.2.15",
    "requester": "/Users/poom/Projects/totality-editor",
    "status": "found_in_store"
  },
  "104 debug pnpm:progress": {
    "packageId": "registry.npmjs.org/eslint/7.32.0",
    "requester": "/Users/poom/Projects/totality-editor",
    "status": "resolved"
  },
  "105 debug pnpm:progress": {
    "packageId": "registry.npmjs.org/eslint/7.32.0",
    "requester": "/Users/poom/Projects/totality-editor",
    "status": "found_in_store"
  },
  "106 debug pnpm:progress": {
    "packageId": "registry.npmjs.org/@babel/traverse/7.15.4",
    "requester": "/Users/poom/Projects/totality-editor",
    "status": "resolved"
  },
  "107 debug pnpm:progress": {
    "packageId": "registry.npmjs.org/@babel/traverse/7.15.4",
    "requester": "/Users/poom/Projects/totality-editor",
    "status": "found_in_store"
  },
  "108 debug pnpm:progress": {
    "packageId": "registry.npmjs.org/@loadable/component/5.15.0",
    "requester": "/Users/poom/Projects/totality-editor",
    "status": "resolved"
  },
  "109 debug pnpm:progress": {
    "packageId": "registry.npmjs.org/@loadable/component/5.15.0",
    "requester": "/Users/poom/Projects/totality-editor",
    "status": "found_in_store"
  },
  "110 debug pnpm:progress": {
    "packageId": "registry.npmjs.org/@monaco-editor/react/4.2.2",
    "requester": "/Users/poom/Projects/totality-editor",
    "status": "resolved"
  },
  "111 debug pnpm:progress": {
    "packageId": "registry.npmjs.org/@monaco-editor/react/4.2.2",
    "requester": "/Users/poom/Projects/totality-editor",
    "status": "found_in_store"
  },
  "112 debug pnpm:progress": {
    "packageId": "registry.npmjs.org/@stitches/core/1.2.0",
    "requester": "/Users/poom/Projects/totality-editor",
    "status": "resolved"
  },
  "113 debug pnpm:progress": {
    "packageId": "registry.npmjs.org/@stitches/core/1.2.0",
    "requester": "/Users/poom/Projects/totality-editor",
    "status": "found_in_store"
  },
  "114 debug pnpm:progress": {
    "packageId": "registry.npmjs.org/@stitches/react/1.2.0",
    "requester": "/Users/poom/Projects/totality-editor",
    "status": "resolved"
  },
  "115 debug pnpm:progress": {
    "packageId": "registry.npmjs.org/@stitches/react/1.2.0",
    "requester": "/Users/poom/Projects/totality-editor",
    "status": "found_in_store"
  },
  "116 debug pnpm:progress": {
    "packageId": "registry.npmjs.org/@twind/preact/1.0.5",
    "requester": "/Users/poom/Projects/totality-editor",
    "status": "resolved"
  },
  "117 debug pnpm:progress": {
    "packageId": "registry.npmjs.org/@twind/preact/1.0.5",
    "requester": "/Users/poom/Projects/totality-editor",
    "status": "found_in_store"
  },
  "118 debug pnpm:progress": {
    "packageId": "registry.npmjs.org/@stitches/tailwind/9.0.0-alpha.8",
    "requester": "/Users/poom/Projects/totality-editor",
    "status": "resolved"
  },
  "119 debug pnpm:progress": {
    "packageId": "registry.npmjs.org/@stitches/tailwind/9.0.0-alpha.8",
    "requester": "/Users/poom/Projects/totality-editor",
    "status": "found_in_store"
  },
  "120 debug pnpm:progress": {
    "packageId": "registry.npmjs.org/@twind/react/0.0.4",
    "requester": "/Users/poom/Projects/totality-editor",
    "status": "resolved"
  },
  "121 debug pnpm:progress": {
    "packageId": "registry.npmjs.org/@twind/react/0.0.4",
    "requester": "/Users/poom/Projects/totality-editor",
    "status": "found_in_store"
  },
  "122 debug pnpm:progress": {
    "packageId": "registry.npmjs.org/color2k/1.2.4",
    "requester": "/Users/poom/Projects/totality-editor",
    "status": "resolved"
  },
  "123 debug pnpm:progress": {
    "packageId": "registry.npmjs.org/color2k/1.2.4",
    "requester": "/Users/poom/Projects/totality-editor",
    "status": "found_in_store"
  },
  "124 debug pnpm:progress": {
    "packageId": "registry.npmjs.org/glslCanvas/0.1.7",
    "requester": "/Users/poom/Projects/totality-editor",
    "status": "resolved"
  },
  "125 debug pnpm:progress": {
    "packageId": "registry.npmjs.org/glslCanvas/0.1.7",
    "requester": "/Users/poom/Projects/totality-editor",
    "status": "found_in_store"
  },
  "126 debug pnpm:progress": {
    "packageId": "registry.npmjs.org/style-loader/3.2.1",
    "requester": "/Users/poom/Projects/totality-editor",
    "status": "resolved"
  },
  "127 debug pnpm:progress": {
    "packageId": "registry.npmjs.org/style-loader/3.2.1",
    "requester": "/Users/poom/Projects/totality-editor",
    "status": "found_in_store"
  },
  "128 debug pnpm:progress": {
    "packageId": "registry.npmjs.org/typescript/4.4.3",
    "requester": "/Users/poom/Projects/totality-editor",
    "status": "resolved"
  },
  "129 debug pnpm:progress": {
    "packageId": "registry.npmjs.org/typescript/4.4.3",
    "requester": "/Users/poom/Projects/totality-editor",
    "status": "found_in_store"
  },
  "130 debug pnpm:progress": {
    "packageId": "registry.npmjs.org/immer/9.0.6",
    "requester": "/Users/poom/Projects/totality-editor",
    "status": "resolved"
  },
  "131 debug pnpm:progress": {
    "packageId": "registry.npmjs.org/immer/9.0.6",
    "requester": "/Users/poom/Projects/totality-editor",
    "status": "found_in_store"
  },
  "132 debug pnpm:progress": {
    "packageId": "registry.npmjs.org/jailed/0.3.1",
    "requester": "/Users/poom/Projects/totality-editor",
    "status": "resolved"
  },
  "133 debug pnpm:progress": {
    "packageId": "registry.npmjs.org/jailed/0.3.1",
    "requester": "/Users/poom/Projects/totality-editor",
    "status": "found_in_store"
  },
  "134 debug pnpm:progress": {
    "packageId": "registry.npmjs.org/jotai/1.3.5",
    "requester": "/Users/poom/Projects/totality-editor",
    "status": "resolved"
  },
  "135 debug pnpm:progress": {
    "packageId": "registry.npmjs.org/jotai/1.3.5",
    "requester": "/Users/poom/Projects/totality-editor",
    "status": "found_in_store"
  },
  "136 debug pnpm:progress": {
    "packageId": "registry.npmjs.org/lodash/4.17.21",
    "requester": "/Users/poom/Projects/totality-editor",
    "status": "resolved"
  },
  "137 debug pnpm:progress": {
    "packageId": "registry.npmjs.org/lodash/4.17.21",
    "requester": "/Users/poom/Projects/totality-editor",
    "status": "found_in_store"
  },
  "138 debug pnpm:progress": {
    "packageId": "registry.npmjs.org/monaco-editor-textmate/3.0.0",
    "requester": "/Users/poom/Projects/totality-editor",
    "status": "resolved"
  },
  "139 debug pnpm:progress": {
    "packageId": "registry.npmjs.org/monaco-editor-textmate/3.0.0",
    "requester": "/Users/poom/Projects/totality-editor",
    "status": "found_in_store"
  },
  "140 debug pnpm:progress": {
    "packageId": "registry.npmjs.org/monaco-textmate/3.0.1",
    "requester": "/Users/poom/Projects/totality-editor",
    "status": "resolved"
  },
  "141 debug pnpm:progress": {
    "packageId": "registry.npmjs.org/monaco-textmate/3.0.1",
    "requester": "/Users/poom/Projects/totality-editor",
    "status": "found_in_store"
  },
  "142 debug pnpm:progress": {
    "packageId": "registry.npmjs.org/monaco-vim/0.1.18",
    "requester": "/Users/poom/Projects/totality-editor",
    "status": "resolved"
  },
  "143 debug pnpm:progress": {
    "packageId": "registry.npmjs.org/monaco-vim/0.1.18",
    "requester": "/Users/poom/Projects/totality-editor",
    "status": "found_in_store"
  },
  "144 debug pnpm:progress": {
    "packageId": "registry.npmjs.org/nanoid/3.1.25",
    "requester": "/Users/poom/Projects/totality-editor",
    "status": "resolved"
  },
  "145 debug pnpm:progress": {
    "packageId": "registry.npmjs.org/nanoid/3.1.25",
    "requester": "/Users/poom/Projects/totality-editor",
    "status": "found_in_store"
  },
  "146 debug pnpm:progress": {
    "packageId": "registry.npmjs.org/monaco-jsx-highlighter/1.1.8",
    "requester": "/Users/poom/Projects/totality-editor",
    "status": "resolved"
  },
  "147 debug pnpm:progress": {
    "packageId": "registry.npmjs.org/monaco-jsx-highlighter/1.1.8",
    "requester": "/Users/poom/Projects/totality-editor",
    "status": "found_in_store"
  },
  "148 debug pnpm:progress": {
    "packageId": "registry.npmjs.org/monaco-editor/0.27.0",
    "requester": "/Users/poom/Projects/totality-editor",
    "status": "resolved"
  },
  "149 debug pnpm:progress": {
    "packageId": "registry.npmjs.org/monaco-editor/0.27.0",
    "requester": "/Users/poom/Projects/totality-editor",
    "status": "found_in_store"
  },
  "150 debug pnpm:progress": {
    "packageId": "registry.npmjs.org/next-plugin-preact/3.0.6",
    "requester": "/Users/poom/Projects/totality-editor",
    "status": "resolved"
  },
  "151 debug pnpm:progress": {
    "packageId": "registry.npmjs.org/next-plugin-preact/3.0.6",
    "requester": "/Users/poom/Projects/totality-editor",
    "status": "found_in_store"
  },
  "152 debug pnpm:progress": {
    "packageId": "registry.npmjs.org/onigasm/2.2.5",
    "requester": "/Users/poom/Projects/totality-editor",
    "status": "resolved"
  },
  "153 debug pnpm:progress": {
    "packageId": "registry.npmjs.org/onigasm/2.2.5",
    "requester": "/Users/poom/Projects/totality-editor",
    "status": "found_in_store"
  },
  "154 debug pnpm:progress": {
    "packageId": "registry.npmjs.org/preact/10.5.14",
    "requester": "/Users/poom/Projects/totality-editor",
    "status": "resolved"
  },
  "155 debug pnpm:progress": {
    "packageId": "registry.npmjs.org/preact/10.5.14",
    "requester": "/Users/poom/Projects/totality-editor",
    "status": "found_in_store"
  },
  "156 debug pnpm:progress": {
    "packageId": "registry.npmjs.org/preact-render-to-string/5.1.19",
    "requester": "/Users/poom/Projects/totality-editor",
    "status": "resolved"
  },
  "157 debug pnpm:progress": {
    "packageId": "registry.npmjs.org/preact-render-to-string/5.1.19",
    "requester": "/Users/poom/Projects/totality-editor",
    "status": "found_in_store"
  },
  "158 debug pnpm:progress": {
    "packageId": "registry.npmjs.org/quickjs-emscripten/0.13.0",
    "requester": "/Users/poom/Projects/totality-editor",
    "status": "resolved"
  },
  "159 debug pnpm:progress": {
    "packageId": "registry.npmjs.org/quickjs-emscripten/0.13.0",
    "requester": "/Users/poom/Projects/totality-editor",
    "status": "found_in_store"
  },
  "160 debug pnpm:progress": {
    "packageId": "registry.npmjs.org/cytoscape/3.19.1",
    "requester": "/Users/poom/Projects/totality-editor",
    "status": "resolved"
  },
  "161 debug pnpm:progress": {
    "packageId": "registry.npmjs.org/cytoscape/3.19.1",
    "requester": "/Users/poom/Projects/totality-editor",
    "status": "found_in_store"
  },
  "162 debug pnpm:progress": {
    "packageId": "registry.npmjs.org/react-content-loader/6.0.3",
    "requester": "/Users/poom/Projects/totality-editor",
    "status": "resolved"
  },
  "163 debug pnpm:progress": {
    "packageId": "registry.npmjs.org/react-content-loader/6.0.3",
    "requester": "/Users/poom/Projects/totality-editor",
    "status": "found_in_store"
  },
  "164 debug pnpm:progress": {
    "packageId": "registry.npmjs.org/react-cytoscapejs/1.2.1",
    "requester": "/Users/poom/Projects/totality-editor",
    "status": "resolved"
  },
  "165 debug pnpm:progress": {
    "packageId": "registry.npmjs.org/react-cytoscapejs/1.2.1",
    "requester": "/Users/poom/Projects/totality-editor",
    "status": "found_in_store"
  },
  "166 debug pnpm:progress": {
    "packageId": "registry.npmjs.org/react-error-boundary/3.1.3",
    "requester": "/Users/poom/Projects/totality-editor",
    "status": "resolved"
  },
  "167 debug pnpm:progress": {
    "packageId": "registry.npmjs.org/react-error-boundary/3.1.3",
    "requester": "/Users/poom/Projects/totality-editor",
    "status": "found_in_store"
  },
  "168 debug pnpm:progress": {
    "packageId": "registry.npmjs.org/react-monaco-editor/0.44.0",
    "requester": "/Users/poom/Projects/totality-editor",
    "status": "resolved"
  },
  "169 debug pnpm:progress": {
    "packageId": "registry.npmjs.org/react-monaco-editor/0.44.0",
    "requester": "/Users/poom/Projects/totality-editor",
    "status": "found_in_store"
  },
  "170 debug pnpm:progress": {
    "packageId": "registry.npmjs.org/react-split/2.0.13",
    "requester": "/Users/poom/Projects/totality-editor",
    "status": "resolved"
  },
  "171 debug pnpm:progress": {
    "packageId": "registry.npmjs.org/react-split/2.0.13",
    "requester": "/Users/poom/Projects/totality-editor",
    "status": "found_in_store"
  },
  "172 debug pnpm:progress": {
    "packageId": "registry.npmjs.org/react-split-grid/1.0.3",
    "requester": "/Users/poom/Projects/totality-editor",
    "status": "resolved"
  },
  "173 debug pnpm:progress": {
    "packageId": "registry.npmjs.org/react-split-grid/1.0.3",
    "requester": "/Users/poom/Projects/totality-editor",
    "status": "found_in_store"
  },
  "174 debug pnpm:progress": {
    "packageId": "registry.npmjs.org/realms-shim/1.2.2",
    "requester": "/Users/poom/Projects/totality-editor",
    "status": "resolved"
  },
  "175 debug pnpm:progress": {
    "packageId": "registry.npmjs.org/realms-shim/1.2.2",
    "requester": "/Users/poom/Projects/totality-editor",
    "status": "found_in_store"
  },
  "176 debug pnpm:progress": {
    "packageId": "registry.npmjs.org/ses/0.14.2",
    "requester": "/Users/poom/Projects/totality-editor",
    "status": "resolved"
  },
  "177 debug pnpm:progress": {
    "packageId": "registry.npmjs.org/ses/0.14.2",
    "requester": "/Users/poom/Projects/totality-editor",
    "status": "found_in_store"
  },
  "178 debug pnpm:progress": {
    "packageId": "registry.npmjs.org/storeon/3.1.4",
    "requester": "/Users/poom/Projects/totality-editor",
    "status": "resolved"
  },
  "179 debug pnpm:progress": {
    "packageId": "registry.npmjs.org/storeon/3.1.4",
    "requester": "/Users/poom/Projects/totality-editor",
    "status": "found_in_store"
  },
  "180 debug pnpm:progress": {
    "packageId": "registry.npmjs.org/ts-custom-error/3.2.0",
    "requester": "/Users/poom/Projects/totality-editor",
    "status": "resolved"
  },
  "181 debug pnpm:progress": {
    "packageId": "registry.npmjs.org/ts-custom-error/3.2.0",
    "requester": "/Users/poom/Projects/totality-editor",
    "status": "found_in_store"
  },
  "182 debug pnpm:progress": {
    "packageId": "registry.npmjs.org/twin.macro/2.7.0",
    "requester": "/Users/poom/Projects/totality-editor",
    "status": "resolved"
  },
  "183 debug pnpm:progress": {
    "packageId": "registry.npmjs.org/twin.macro/2.7.0",
    "requester": "/Users/poom/Projects/totality-editor",
    "status": "found_in_store"
  },
  "184 debug pnpm:progress": {
    "packageId": "registry.npmjs.org/twind/0.16.16",
    "requester": "/Users/poom/Projects/totality-editor",
    "status": "resolved"
  },
  "185 debug pnpm:progress": {
    "packageId": "registry.npmjs.org/twind/0.16.16",
    "requester": "/Users/poom/Projects/totality-editor",
    "status": "found_in_store"
  },
  "186 debug pnpm:progress": {
    "packageId": "registry.npmjs.org/type-fest/2.3.3",
    "requester": "/Users/poom/Projects/totality-editor",
    "status": "resolved"
  },
  "187 debug pnpm:progress": {
    "packageId": "registry.npmjs.org/type-fest/2.3.3",
    "requester": "/Users/poom/Projects/totality-editor",
    "status": "found_in_store"
  },
  "188 debug pnpm:progress": {
    "packageId": "registry.npmjs.org/next/11.1.2",
    "requester": "/Users/poom/Projects/totality-editor",
    "status": "resolved"
  },
  "189 debug pnpm:progress": {
    "packageId": "registry.npmjs.org/next/11.1.2",
    "requester": "/Users/poom/Projects/totality-editor",
    "status": "found_in_store"
  },
  "190 debug pnpm:progress": {
    "packageId": "registry.npmjs.org/valtio/1.2.3",
    "requester": "/Users/poom/Projects/totality-editor",
    "status": "resolved"
  },
  "191 debug pnpm:progress": {
    "packageId": "registry.npmjs.org/valtio/1.2.3",
    "requester": "/Users/poom/Projects/totality-editor",
    "status": "found_in_store"
  },
  "192 debug pnpm:progress": {
    "packageId": "registry.npmjs.org/y-indexeddb/9.0.6",
    "requester": "/Users/poom/Projects/totality-editor",
    "status": "resolved"
  },
  "193 debug pnpm:progress": {
    "packageId": "registry.npmjs.org/y-indexeddb/9.0.6",
    "requester": "/Users/poom/Projects/totality-editor",
    "status": "found_in_store"
  },
  "194 debug pnpm:progress": {
    "packageId": "registry.npmjs.org/valtio-yjs/0.1.1",
    "requester": "/Users/poom/Projects/totality-editor",
    "status": "resolved"
  },
  "195 debug pnpm:progress": {
    "packageId": "registry.npmjs.org/valtio-yjs/0.1.1",
    "requester": "/Users/poom/Projects/totality-editor",
    "status": "found_in_store"
  },
  "196 debug pnpm:progress": {
    "packageId": "registry.npmjs.org/y-monaco/0.1.2",
    "requester": "/Users/poom/Projects/totality-editor",
    "status": "resolved"
  },
  "197 debug pnpm:progress": {
    "packageId": "registry.npmjs.org/y-monaco/0.1.2",
    "requester": "/Users/poom/Projects/totality-editor",
    "status": "found_in_store"
  },
  "198 debug pnpm:progress": {
    "packageId": "registry.npmjs.org/y-websocket/1.3.16",
    "requester": "/Users/poom/Projects/totality-editor",
    "status": "resolved"
  },
  "199 debug pnpm:progress": {
    "packageId": "registry.npmjs.org/y-websocket/1.3.16",
    "requester": "/Users/poom/Projects/totality-editor",
    "status": "found_in_store"
  },
  "200 debug pnpm:progress": {
    "packageId": "registry.npmjs.org/y-webrtc/10.2.0",
    "requester": "/Users/poom/Projects/totality-editor",
    "status": "resolved"
  },
  "201 debug pnpm:progress": {
    "packageId": "registry.npmjs.org/y-webrtc/10.2.0",
    "requester": "/Users/poom/Projects/totality-editor",
    "status": "found_in_store"
  },
  "202 debug pnpm:progress": {
    "packageId": "registry.npmjs.org/yjs/13.5.12",
    "requester": "/Users/poom/Projects/totality-editor",
    "status": "resolved"
  },
  "203 debug pnpm:progress": {
    "packageId": "registry.npmjs.org/yjs/13.5.12",
    "requester": "/Users/poom/Projects/totality-editor",
    "status": "found_in_store"
  },
  "204 debug pnpm:progress": {
    "packageId": "registry.npmjs.org/@babel/parser/7.15.7",
    "requester": "/Users/poom/Projects/totality-editor",
    "status": "resolved"
  },
  "205 debug pnpm:progress": {
    "packageId": "registry.npmjs.org/@babel/parser/7.15.7",
    "requester": "/Users/poom/Projects/totality-editor",
    "status": "found_in_store"
  },
  "206 debug pnpm:progress": {
    "packageId": "registry.npmjs.org/pnpm/3.8.1",
    "requester": "/Users/poom/Projects/totality-editor",
    "status": "resolved"
  },
  "207 debug pnpm:progress": {
    "packageId": "registry.npmjs.org/pnpm/3.8.1",
    "requester": "/Users/poom/Projects/totality-editor",
    "status": "found_in_store"
  },
  "208 debug pnpm:_dependency_resolved": {
    "resolution": "registry.npmjs.org/preact-ssr-prepass/1.2.0",
    "wanted": {
      "dependentId": ".",
      "name": "react-ssr-prepass",
      "rawSpec": "npm:preact-ssr-prepass@^1.2.0"
    }
  },
  "209 debug pnpm:progress": {
    "packageId": "registry.npmjs.org/preact-ssr-prepass/1.2.0",
    "requester": "/Users/poom/Projects/totality-editor",
    "status": "resolved"
  },
  "210 error pnpm": {
    "code": "ERR_PNPM_FETCH_404",
    "hint": "@types/glslify is not in the npm registry, or you have no permission to fetch it.\n\nNo authorization header was set for the request.",
    "request": {
      "url": "https://registry.npmjs.org/@types%2Fglslify"
    },
    "response": {
      "size": 0,
      "timeout": 60000
    },
    "pkgName": "@types/glslify",
    "pkgsStack": [],
    "err": {
      "name": "Error",
      "message": "GET https://registry.npmjs.org/@types%2Fglslify: Not Found - 404",
      "code": "ERR_PNPM_FETCH_404",
      "stack": "Error: GET https://registry.npmjs.org/@types%2Fglslify: Not Found - 404\n    at RetryOperation._fn (/snapshot/dist/pnpm.cjs)\n    at processTicksAndRejections (internal/process/task_queues.js:95:5)"
    }
  }
}